  Tangram.cpp
C:\Users\Utente\Desktop\PoliMi\Biennio\ComputerGraphics\Tangram\Tangram\MyProject.hpp(269,20): warning C4099: 'Model': il nome del tipo che in precedenza utilizzava 'struct' ora utilizza 'class'
C:\Users\Utente\Desktop\PoliMi\Biennio\ComputerGraphics\Tangram\Tangram\MyProject.hpp(183): message : vedere la dichiarazione di 'Model'
C:\Users\Utente\Desktop\PoliMi\Biennio\ComputerGraphics\Tangram\Tangram\MyProject.hpp(270,22): warning C4099: 'Texture': il nome del tipo che in precedenza utilizzava 'struct' ora utilizza 'class'
C:\Users\Utente\Desktop\PoliMi\Biennio\ComputerGraphics\Tangram\Tangram\MyProject.hpp(200): message : vedere la dichiarazione di 'Texture'
C:\Users\Utente\Desktop\PoliMi\Biennio\ComputerGraphics\Tangram\Tangram\MyProject.hpp(271,23): warning C4099: 'Pipeline': il nome del tipo che in precedenza utilizzava 'struct' ora utilizza 'class'
C:\Users\Utente\Desktop\PoliMi\Biennio\ComputerGraphics\Tangram\Tangram\MyProject.hpp(231): message : vedere la dichiarazione di 'Pipeline'
C:\Users\Utente\Desktop\PoliMi\Biennio\ComputerGraphics\Tangram\Tangram\MyProject.hpp(272,34): warning C4099: 'DescriptorSetLayout': il nome del tipo che in precedenza utilizzava 'struct' ora utilizza 'class'
C:\Users\Utente\Desktop\PoliMi\Biennio\ComputerGraphics\Tangram\Tangram\MyProject.hpp(223): message : vedere la dichiarazione di 'DescriptorSetLayout'
C:\Users\Utente\Desktop\PoliMi\Biennio\ComputerGraphics\Tangram\Tangram\MyProject.hpp(273,28): warning C4099: 'DescriptorSet': il nome del tipo che in precedenza utilizzava 'struct' ora utilizza 'class'
C:\Users\Utente\Desktop\PoliMi\Biennio\ComputerGraphics\Tangram\Tangram\MyProject.hpp(252): message : vedere la dichiarazione di 'DescriptorSet'
C:\Users\Utente\Desktop\PoliMi\Biennio\ComputerGraphics\Tangram\Tangram\MyProject.hpp(1335,1): warning C4267: 'argomento': conversione da 'size_t' a 'int'. Possibile perdita di dati.
C:\Users\Utente\Desktop\PoliMi\Biennio\ComputerGraphics\Tangram\Tangram\MyProject.hpp(1537,41): warning C4267: 'argomento': conversione da 'size_t' a '_Ty'. Possibile perdita di dati.
          with
          [
              _Ty=unsigned int
          ]
C:\Users\Utente\Desktop\PoliMi\Biennio\ComputerGraphics\Tangram\Tangram\MyProject.hpp(1829,48): warning C4267: '=': conversione da 'size_t' a 'uint32_t'. Possibile perdita di dati.
LINK : warning LNK4098: la libreria predefinita 'MSVCRT' è in conflitto con l'utilizzo di altre librerie; usare /NODEFAULTLIB:libreria
  Tangram.vcxproj -> C:\Users\Utente\Desktop\PoliMi\Biennio\ComputerGraphics\Tangram\Tangram\x64\Debug\Tangram.exe
